[2021-09-09 15:36:52,051] INFO in calculate: Distance from Lat: -46.483288 | Lon: -73.111482 to Moscow Ring Road: 15266.62km .
[2021-09-09 17:40:01,622] INFO in calculate: Distance from Lat: -46.483288 | Lon: -73.111482 to Moscow Ring Road: 15266.62km .
[2021-09-10 08:39:23,103] INFO in calculate: Distance from Lat: -46.483288 | Lon: -73.111482 to Moscow Ring Road: 15266.62km .
[2021-09-10 21:48:24,967] INFO in calculate: Distance from Russia, Moscow, Boulevard Ringto Moscow Ring Road: -1km .
[2021-09-10 22:04:16,742] INFO in calculate: Distance from Russia, Moscow, Boulevard Ringto Moscow Ring Road: -1km .
[2021-09-11 00:07:42,842] INFO in calculate: Distance from Russia, Moscow, Boulevard Ringto Moscow Ring Road: -1km .
[2021-09-11 00:08:52,687] INFO in calculate: Distance from Russia, Moscow, Boulevard Ringto Moscow Ring Road: -1km .
[2021-09-11 00:30:49,452] INFO in calculate: Distance from Lat: 55.821072 | Lon: 37.837153  to Moscow Ring Road: 16.41km .
[2021-09-11 00:31:22,869] INFO in calculate: Distance from Lat: 55.821072 | Lon: 37.837153  to Moscow Ring Road: 16.41km .
[2021-09-11 00:33:41,939] INFO in calculate: Distance from Lat: 55.821072 | Lon: 37.837153  to Moscow Ring Road: 16.41km .
[2021-09-11 00:37:13,405] INFO in calculate: Distance from Lat: 55.821072 | Lon: 37.837153  to Moscow Ring Road: 16.41km .
[2021-09-11 00:37:47,342] INFO in calculate: Distance from Lat: 55.821072 | Lon: 37.837153  to Moscow Ring Road: 16.41km .
[2021-09-11 00:38:56,008] INFO in calculate: Distance from Lat: 55.821072 | Lon: 37.837153  to Moscow Ring Road: 16.41km .
[2021-09-11 00:47:44,509] INFO in calculate: Distance from Lat: 55.747399 | Lon: 37.841828  to Moscow Ring Road: 14.36km .
[2021-09-11 00:47:44,525] INFO in calculate: Distance from Lat: 55.821072 | Lon: 37.837153  to Moscow Ring Road: 16.41km .
[2021-09-11 00:48:31,166] INFO in calculate: Distance from Lat: 55.747399 | Lon: 37.841828  to Moscow Ring Road: 14.36km .
[2021-09-11 00:48:31,180] INFO in calculate: Distance from Lat: 55.821072 | Lon: 37.837153  to Moscow Ring Road: 16.41km .
[2021-09-11 00:48:51,564] INFO in calculate: Distance from Lat: 55.747399 | Lon: 37.841828  to Moscow Ring Road: 14.36km .
[2021-09-11 00:48:51,578] INFO in calculate: Distance from Lat: 55.821072 | Lon: 37.837153  to Moscow Ring Road: 16.41km .
[2021-09-11 00:49:18,405] INFO in calculate: Distance from Lat: 55.747399 | Lon: 37.841828  to Moscow Ring Road: 14.36km .
[2021-09-11 00:51:16,159] INFO in calculate: Distance from Lat: 55.747399 | Lon: 37.841828  to Moscow Ring Road: 14.36km .
[2021-09-11 00:51:16,174] INFO in calculate: Distance from Lat: 55.821072 | Lon: 37.837153  to Moscow Ring Road: 16.41km .
[2021-09-11 00:53:01,359] INFO in calculate: Distance from Lat: 55.747399 | Lon: 37.841828  to Moscow Ring Road: 14.36km .
[2021-09-11 00:53:01,374] INFO in calculate: Distance from Lat: 55.821072 | Lon: 37.837153  to Moscow Ring Road: 16.41km .
[2021-09-11 00:56:29,219] INFO in calculate: Distance from Lat: 55.747399 | Lon: 37.841828  to Moscow Ring Road: 14.36km .
[2021-09-11 00:56:29,232] INFO in calculate: Distance from Lat: 55.821072 | Lon: 37.837153  to Moscow Ring Road: 16.41km .
[2021-09-11 01:00:39,105] INFO in calculate: Distance from Lat: 55.747399 | Lon: 37.841828  to Moscow Ring Road: 14.36km .
[2021-09-11 01:00:39,123] INFO in calculate: Distance from Lat: 55.821072 | Lon: 37.837153  to Moscow Ring Road: 16.41km .
[2021-09-11 01:04:29,066] INFO in calculate: Distance from Lat: 55.747399 | Lon: 37.841828  to Moscow Ring Road: 14.36km .
[2021-09-11 01:04:29,082] INFO in calculate: Distance from Lat: 55.821072 | Lon: 37.837153  to Moscow Ring Road: 16.41km .
[2021-09-11 01:30:28,381] INFO in calculate: Distance from Lat: 55.747399 | Lon: 37.841828  to Moscow Ring Road: 14.36km .
[2021-09-11 01:30:28,395] INFO in calculate: Distance from Lat: 55.821072 | Lon: 37.837153  to Moscow Ring Road: 16.41km .
[2021-09-11 01:31:21,117] INFO in calculate: Distance from Lat: 55.747399 | Lon: 37.841828  to Moscow Ring Road: 14.36km .
[2021-09-11 01:31:21,130] INFO in calculate: Distance from Lat: 55.821072 | Lon: 37.837153  to Moscow Ring Road: 16.41km .
[2021-09-11 01:32:02,265] INFO in calculate: Distance from Lat: 55.747399 | Lon: 37.841828  to Moscow Ring Road: 14.36km .
[2021-09-11 01:32:02,279] INFO in calculate: Distance from Lat: 55.821072 | Lon: 37.837153  to Moscow Ring Road: 16.41km .
[2021-09-11 05:40:41,883] INFO in calculate: Distance from Lat: 55.747399 | Lon: 37.841828  to Moscow Ring Road: 14.36km .
[2021-09-11 05:40:41,896] INFO in calculate: Distance from Lat: 55.821072 | Lon: 37.837153  to Moscow Ring Road: 16.41km .
[2021-09-11 05:41:25,612] INFO in calculate: Distance from Lat: 55.747399 | Lon: 37.841828  to Moscow Ring Road: 14.36km .
[2021-09-11 05:41:25,625] INFO in calculate: Distance from Lat: 55.821072 | Lon: 37.837153  to Moscow Ring Road: 16.41km .
[2021-09-11 05:42:25,510] INFO in calculate: Distance from Lat: 55.747399 | Lon: 37.841828  to Moscow Ring Road: 14.36km .
[2021-09-11 05:42:25,523] INFO in calculate: Distance from Lat: 55.821072 | Lon: 37.837153  to Moscow Ring Road: 16.41km .
[2021-09-11 07:32:16,735] INFO in calculate: Distance from Lat: 55.747399 | Lon: 37.841828  to Moscow Ring Road: 14.36km .
[2021-09-11 07:32:16,747] INFO in calculate: Distance from Lat: 55.821072 | Lon: 37.837153  to Moscow Ring Road: 16.41km .
[2021-09-11 07:32:16,776] INFO in calculate: Distance from Lat: 55.821072 | Lon: 37.837153  to Moscow Ring Road: 16.41km .
[2021-09-11 09:30:23,828] INFO in calculate: Distance from Lat: 55.747399 | Lon: 37.841828  to Moscow Ring Road: 14.36km .
[2021-09-11 09:30:23,842] INFO in calculate: Distance from Lat: 55.821072 | Lon: 37.837153  to Moscow Ring Road: 16.41km .
[2021-09-11 09:30:23,882] INFO in calculate: Distance from Lat: 55.821072 | Lon: 37.837153  to Moscow Ring Road: 16.41km .
[2021-09-11 09:33:17,638] INFO in calculate: Distance from Lat: 55.747399 | Lon: 37.841828  to Moscow Ring Road: 14.36km .
[2021-09-11 09:33:17,654] INFO in calculate: Distance from Lat: 55.821072 | Lon: 37.837153  to Moscow Ring Road: 16.41km .
[2021-09-11 09:33:17,696] INFO in calculate: Distance from Lat: 55.821072 | Lon: 37.837153  to Moscow Ring Road: 16.41km .
[2021-09-11 12:55:55,335] INFO in calculate: Distance from Lat: 55.747399 | Lon: 37.841828  to Moscow Ring Road: 14.36km .
[2021-09-11 12:55:55,348] INFO in calculate: Distance from Lat: 55.821072 | Lon: 37.837153  to Moscow Ring Road: 16.41km .
[2021-09-11 12:55:55,388] INFO in calculate: Distance from Lat: 55.821072 | Lon: 37.837153  to Moscow Ring Road: 16.41km .
[2021-09-11 13:03:31,159] INFO in calculate: Distance from Lat: 55.747399 | Lon: 37.841828 to Moscow Ring Road: 14.36km .
[2021-09-11 13:03:31,174] INFO in calculate: Distance from Lat: 55.821072 | Lon: 37.837153 to Moscow Ring Road: 16.41km .
[2021-09-11 13:03:31,221] INFO in calculate: Distance from Lat: 55.821072 | Lon: 37.837153 to Moscow Ring Road: 16.41km .
[2021-09-11 13:07:35,746] INFO in calculate: Distance from Lat: 55.747399 | Lon: 37.841828 to Moscow Ring Road: 14.36km .
[2021-09-11 13:07:35,759] INFO in calculate: Distance from Lat: 55.821072 | Lon: 37.837153 to Moscow Ring Road: 16.41km .
[2021-09-11 13:07:35,807] INFO in calculate: Distance from Lat: 55.821072 | Lon: 37.837153 to Moscow Ring Road: 16.41km .
[2021-09-11 13:08:55,350] INFO in calculate: Distance from Lat: 55.747399 | Lon: 37.841828 to Moscow Ring Road: 14.36km .
[2021-09-11 13:08:55,364] INFO in calculate: Distance from Lat: 55.821072 | Lon: 37.837153 to Moscow Ring Road: 16.41km .
[2021-09-11 13:08:55,406] INFO in calculate: Distance from Lat: 55.821072 | Lon: 37.837153 to Moscow Ring Road: 16.41km .
[2021-09-11 13:09:53,673] INFO in calculate: Distance from Lat: 55.747399 | Lon: 37.841828 to Moscow Ring Road: 14.36km .
[2021-09-11 13:09:53,688] INFO in calculate: Distance from Lat: 55.821072 | Lon: 37.837153 to Moscow Ring Road: 16.41km .
[2021-09-11 13:09:53,731] INFO in calculate: Distance from Lat: 55.821072 | Lon: 37.837153 to Moscow Ring Road: 16.41km .
[2021-09-11 13:11:21,010] INFO in calculate: Distance from Lat: 55.747399 | Lon: 37.841828 to Moscow Ring Road: 14.36km .
[2021-09-11 13:11:21,024] INFO in calculate: Distance from Lat: 55.821072 | Lon: 37.837153 to Moscow Ring Road: 16.41km .
[2021-09-11 13:11:21,066] INFO in calculate: Distance from Lat: 55.821072 | Lon: 37.837153 to Moscow Ring Road: 16.41km .
[2021-09-11 13:12:47,608] INFO in calculate: Distance from Lat: 55.747399 | Lon: 37.841828 to Moscow Ring Road: 14.36km .
[2021-09-11 13:12:47,622] INFO in calculate: Distance from Lat: 55.821072 | Lon: 37.837153 to Moscow Ring Road: 16.41km .
[2021-09-11 13:12:47,666] INFO in calculate: Distance from Lat: 55.821072 | Lon: 37.837153 to Moscow Ring Road: 16.41km .
[2021-09-11 13:16:44,108] INFO in calculate: Distance from Lat: 55.747399 | Lon: 37.841828 to Moscow Ring Road: 14.36km .
[2021-09-11 13:16:44,123] INFO in calculate: Distance from Lat: 55.821072 | Lon: 37.837153 to Moscow Ring Road: 16.41km .
[2021-09-11 13:16:44,167] INFO in calculate: Distance from Lat: 55.821072 | Lon: 37.837153 to Moscow Ring Road: 16.41km .
[2021-09-11 14:53:54,783] INFO in calculate: Distance from Lat: 55.747399 | Lon: 37.841828 to Moscow Ring Road: 14.36km .
[2021-09-11 14:53:54,796] INFO in calculate: Distance from Lat: 55.821072 | Lon: 37.837153 to Moscow Ring Road: 16.41km .
[2021-09-11 14:53:54,833] INFO in calculate: Distance from Lat: 55.821072 | Lon: 37.837153 to Moscow Ring Road: 16.41km .
[2021-09-11 14:54:51,347] INFO in calculate: Distance from Lat: 55.747399 | Lon: 37.841828 to Moscow Ring Road: 14.36km .
[2021-09-11 14:54:51,360] INFO in calculate: Distance from Lat: 55.821072 | Lon: 37.837153 to Moscow Ring Road: 16.41km .
[2021-09-11 14:54:51,402] INFO in calculate: Distance from Lat: 55.821072 | Lon: 37.837153 to Moscow Ring Road: 16.41km .
[2021-09-11 14:55:31,415] INFO in calculate: Distance from Lat: 55.747399 | Lon: 37.841828 to Moscow Ring Road: 14.36km .
[2021-09-11 14:55:31,431] INFO in calculate: Distance from Lat: 55.821072 | Lon: 37.837153 to Moscow Ring Road: 16.41km .
[2021-09-11 14:55:31,471] INFO in calculate: Distance from Lat: 55.821072 | Lon: 37.837153 to Moscow Ring Road: 16.41km .
[2021-09-11 14:59:55,872] INFO in calculate: Distance from Lat: 55.747399 | Lon: 37.841828 to Moscow Ring Road: 14.36km .
[2021-09-11 14:59:55,894] INFO in calculate: Distance from Lat: 55.821072 | Lon: 37.837153 to Moscow Ring Road: 16.41km .
[2021-09-11 14:59:55,936] INFO in calculate: Distance from Lat: 55.821072 | Lon: 37.837153 to Moscow Ring Road: 16.41km .
[2021-09-11 15:00:28,975] INFO in calculate: Distance from Lat: 55.747399 | Lon: 37.841828 to Moscow Ring Road: 14.36km .
[2021-09-11 15:00:28,988] INFO in calculate: Distance from Lat: 55.821072 | Lon: 37.837153 to Moscow Ring Road: 16.41km .
[2021-09-11 15:00:29,029] INFO in calculate: Distance from Lat: 55.821072 | Lon: 37.837153 to Moscow Ring Road: 16.41km .
[2021-09-11 15:02:17,966] INFO in calculate: Distance from Lat: 55.747399 | Lon: 37.841828 to Moscow Ring Road: 14.36km .
[2021-09-11 15:02:17,982] INFO in calculate: Distance from Lat: 55.821072 | Lon: 37.837153 to Moscow Ring Road: 16.41km .
[2021-09-11 15:02:18,023] INFO in calculate: Distance from Lat: 55.821072 | Lon: 37.837153 to Moscow Ring Road: 16.41km .
[2021-09-11 15:02:55,472] INFO in calculate: Distance from Lat: 55.747399 | Lon: 37.841828 to Moscow Ring Road: 14.36km .
[2021-09-11 15:02:55,485] INFO in calculate: Distance from Lat: 55.821072 | Lon: 37.837153 to Moscow Ring Road: 16.41km .
[2021-09-11 15:02:55,527] INFO in calculate: Distance from Lat: 55.821072 | Lon: 37.837153 to Moscow Ring Road: 16.41km .
[2021-09-11 15:04:13,261] INFO in calculate: Distance from Lat: 55.747399 | Lon: 37.841828 to Moscow Ring Road: 14.36km .
[2021-09-11 15:04:13,274] INFO in calculate: Distance from Lat: 55.821072 | Lon: 37.837153 to Moscow Ring Road: 16.41km .
[2021-09-11 15:04:13,315] INFO in calculate: Distance from Lat: 55.821072 | Lon: 37.837153 to Moscow Ring Road: 16.41km .
[2021-09-11 15:04:34,355] INFO in calculate: Distance from Lat: 55.747399 | Lon: 37.841828 to Moscow Ring Road: 14.36km .
[2021-09-11 15:04:34,368] INFO in calculate: Distance from Lat: 55.821072 | Lon: 37.837153 to Moscow Ring Road: 16.41km .
[2021-09-11 15:04:34,412] INFO in calculate: Distance from Lat: 55.821072 | Lon: 37.837153 to Moscow Ring Road: 16.41km .
[2021-09-11 15:04:57,884] INFO in calculate: Distance from Lat: 55.747399 | Lon: 37.841828 to Moscow Ring Road: 14.36km .
[2021-09-11 15:04:57,900] INFO in calculate: Distance from Lat: 55.821072 | Lon: 37.837153 to Moscow Ring Road: 16.41km .
[2021-09-11 15:04:57,941] INFO in calculate: Distance from Lat: 55.821072 | Lon: 37.837153 to Moscow Ring Road: 16.41km .
[2021-09-11 15:09:36,459] INFO in calculate: Distance from Lat: 55.747399 | Lon: 37.841828 to Moscow Ring Road: 14.36km .
[2021-09-11 15:09:36,473] INFO in calculate: Distance from Lat: 55.821072 | Lon: 37.837153 to Moscow Ring Road: 16.41km .
[2021-09-11 15:09:36,513] INFO in calculate: Distance from Lat: 55.821072 | Lon: 37.837153 to Moscow Ring Road: 16.41km .
[2021-09-11 15:14:53,111] INFO in calculate: Distance from Lat: 55.747399 | Lon: 37.841828 to Moscow Ring Road: 14.36km .
[2021-09-11 15:14:53,124] INFO in calculate: Distance from Lat: 55.821072 | Lon: 37.837153 to Moscow Ring Road: 16.41km .
[2021-09-11 15:14:53,166] INFO in calculate: Distance from Lat: 55.821072 | Lon: 37.837153 to Moscow Ring Road: 16.41km .
[2021-09-11 15:15:55,039] INFO in calculate: Distance from Lat: 55.747399 | Lon: 37.841828 to Moscow Ring Road: 14.36km .
[2021-09-11 15:15:55,053] INFO in calculate: Distance from Lat: 55.821072 | Lon: 37.837153 to Moscow Ring Road: 16.41km .
[2021-09-11 15:15:55,097] INFO in calculate: Distance from Lat: 55.821072 | Lon: 37.837153 to Moscow Ring Road: 16.41km .
[2021-09-11 15:18:06,087] INFO in calculate: Distance from Lat: 55.747399 | Lon: 37.841828 to Moscow Ring Road: 14.36km .
[2021-09-11 15:18:06,100] INFO in calculate: Distance from Lat: 55.821072 | Lon: 37.837153 to Moscow Ring Road: 16.41km .
[2021-09-11 15:18:06,141] INFO in calculate: Distance from Lat: 55.821072 | Lon: 37.837153 to Moscow Ring Road: 16.41km .
[2021-09-11 15:21:46,769] INFO in calculate: Distance from Lat: 55.747399 | Lon: 37.841828 to Moscow Ring Road: 14.36km .
[2021-09-11 15:21:46,785] INFO in calculate: Distance from Lat: 55.821072 | Lon: 37.837153 to Moscow Ring Road: 16.41km .
[2021-09-11 15:21:46,825] INFO in calculate: Distance from Lat: 55.821072 | Lon: 37.837153 to Moscow Ring Road: 16.41km .
[2021-09-11 15:24:09,929] INFO in calculate: Distance from Lat: 55.747399 | Lon: 37.841828 to Moscow Ring Road: 14.36km .
[2021-09-11 15:24:09,944] INFO in calculate: Distance from Lat: 55.821072 | Lon: 37.837153 to Moscow Ring Road: 16.41km .
[2021-09-11 15:24:09,986] INFO in calculate: Distance from Lat: 55.821072 | Lon: 37.837153 to Moscow Ring Road: 16.41km .
[2021-09-11 15:24:50,358] INFO in calculate: Distance from Lat: 55.747399 | Lon: 37.841828 to Moscow Ring Road: 14.36km .
[2021-09-11 15:24:50,373] INFO in calculate: Distance from Lat: 55.821072 | Lon: 37.837153 to Moscow Ring Road: 16.41km .
[2021-09-11 15:24:50,416] INFO in calculate: Distance from Lat: 55.821072 | Lon: 37.837153 to Moscow Ring Road: 16.41km .
[2021-09-11 15:27:07,378] INFO in calculate: Distance from Lat: 55.747399 | Lon: 37.841828 to Moscow Ring Road: 14.36km .
[2021-09-11 15:27:07,392] INFO in calculate: Distance from Lat: 55.821072 | Lon: 37.837153 to Moscow Ring Road: 16.41km .
[2021-09-11 15:27:07,433] INFO in calculate: Distance from Lat: 55.821072 | Lon: 37.837153 to Moscow Ring Road: 16.41km .
[2021-09-11 15:28:03,125] INFO in calculate: Distance from Lat: 55.747399 | Lon: 37.841828 to Moscow Ring Road: 14.36km .
[2021-09-11 15:28:03,139] INFO in calculate: Distance from Lat: 55.821072 | Lon: 37.837153 to Moscow Ring Road: 16.41km .
[2021-09-11 15:28:03,192] INFO in calculate: Distance from Lat: 55.821072 | Lon: 37.837153 to Moscow Ring Road: 16.41km .
[2021-09-11 15:28:19,348] INFO in calculate: Distance from Lat: 55.747399 | Lon: 37.841828 to Moscow Ring Road: 14.36km .
[2021-09-11 15:28:19,363] INFO in calculate: Distance from Lat: 55.821072 | Lon: 37.837153 to Moscow Ring Road: 16.41km .
[2021-09-11 15:28:19,403] INFO in calculate: Distance from Lat: 55.821072 | Lon: 37.837153 to Moscow Ring Road: 16.41km .
[2021-09-11 15:30:47,394] INFO in calculate: Distance from Lat: 55.747399 | Lon: 37.841828 to Moscow Ring Road: 14.36km .
[2021-09-11 15:30:47,428] INFO in calculate: Distance from Lat: 55.821072 | Lon: 37.837153 to Moscow Ring Road: 16.41km .
[2021-09-11 15:30:47,491] INFO in calculate: Distance from Lat: 55.821072 | Lon: 37.837153 to Moscow Ring Road: 16.41km .
[2021-09-11 15:38:44,070] INFO in calculate: Distance from Mali, Bayoto Moscow Ring Road: 6021.68km .
